[29Dec2025 22:35:58.514] [main/INFO] [cpw.mods.modlauncher.Launcher/MODLAUNCHER]: ModLauncher running: args [--launchTarget, forgeclientuserdev, --version, 21.1.133, --assetIndex, asset-index, --assetsDir, C:\Users\Tyler\.gradle\caches\minecraft\assets, --gameDir, ., --fml.neoForgeVersion, 21.1.133, --fml.fmlVersion, 4.0.38, --fml.mcVersion, 1.21.1, --fml.neoFormVersion, 20240808.144430]
[29Dec2025 22:35:58.519] [main/INFO] [cpw.mods.modlauncher.Launcher/MODLAUNCHER]: JVM identified as Oracle Corporation Java HotSpot(TM) 64-Bit Server VM 21.0.1+12-LTS-29
[29Dec2025 22:35:58.521] [main/INFO] [cpw.mods.modlauncher.Launcher/MODLAUNCHER]: ModLauncher 11.0.4+main.d2e20e43 starting: java version 21.0.1 by Oracle Corporation; OS Windows 11 arch amd64 version 10.0
[29Dec2025 22:35:58.650] [main/INFO] [net.neoforged.fml.loading.ImmediateWindowHandler/]: Loading ImmediateWindowProvider fmlearlywindow
[29Dec2025 22:35:58.767] [main/INFO] [EARLYDISPLAY/]: Trying GL version 4.6
[29Dec2025 22:35:58.888] [main/INFO] [EARLYDISPLAY/]: Requested GL version 4.6 got version 4.6
[29Dec2025 22:35:58.962] [main/INFO] [mixin/]: SpongePowered MIXIN Subsystem Version=0.8.7 Source=union:/C:/Users/Tyler/.gradle/caches/modules-2/files-2.1/net.fabricmc/sponge-mixin/0.15.2+mixin.0.8.7/2af2f021d8e02a0220dc27a7a72b4666d66d44ca/sponge-mixin-0.15.2+mixin.0.8.7.jar%23135!/ Service=ModLauncher Env=CLIENT
[29Dec2025 22:35:59.079] [main/INFO] [net.neoforged.fml.loading.moddiscovery.ModDiscoverer/SCAN]: Found mod file "neoforge-21.1.133.jar" [locator: neoforge devenv provider ([C:\Users\Tyler\Documents\Github\Hydrological\.gradle\repositories\ng_dummy_ng\net\neoforged\neoforge\21.1.133\neoforge-21.1.133.jar])]
[29Dec2025 22:35:59.094] [main/INFO] [net.neoforged.fml.loading.moddiscovery.ModDiscoverer/SCAN]: Found mod file "neoforge-21.1.133.jar" [locator: neoforge devenv provider ([C:\Users\Tyler\Documents\Github\Hydrological\.gradle\repositories\ng_dummy_ng\net\neoforged\neoforge\21.1.133\neoforge-21.1.133.jar])]
[29Dec2025 22:35:59.104] [main/INFO] [net.neoforged.fml.loading.moddiscovery.ModDiscoverer/SCAN]: Found mod file "main" [locator: userdev mods and services, reader: mod manifest]
[29Dec2025 22:35:59.114] [main/INFO] [net.neoforged.fml.loading.moddiscovery.ModDiscoverer/SCAN]: Found mod file "neoforge-21.1.133.jar" [locator: userdev mods and services, reader: mod manifest]
[29Dec2025 22:35:59.127] [main/INFO] [net.neoforged.fml.loading.moddiscovery.ModDiscoverer/SCAN]: Found gamelibrary file "databuddy-1.21-6.0.0.0.jar" [locator: userdev mods and services, reader: mod manifest]
[29Dec2025 22:35:59.138] [pool-2-thread-1/INFO] [EARLYDISPLAY/]: GL info: NVIDIA GeForce RTX 3080/PCIe/SSE2 GL version 4.6.0 NVIDIA 581.80, NVIDIA Corporation
[29Dec2025 22:35:59.154] [main/INFO] [net.neoforged.fml.loading.moddiscovery.ModDiscoverer/SCAN]: Found gamelibrary file "mixinextras-neoforge-0.4.1.jar" [locator: userdev mods and services, reader: mod manifest]
[29Dec2025 22:35:59.247] [main/WARN] [net.neoforged.jarjar.selection.JarSelector/]: Attempted to select a dependency jar for JarJar which was passed in as source: library:mixinextras.neoforge. Using Mod File: C:\Users\Tyler\.gradle\caches\modules-2\files-2.1\io.github.llamalad7\mixinextras-neoforge\0.4.1\eff97772ecd0dcf8e52cdbafd3b3ccec425f8314\mixinextras-neoforge-0.4.1.jar
[29Dec2025 22:35:59.247] [main/INFO] [net.neoforged.fml.loading.moddiscovery.locators.JarInJarDependencyLocator/]: Found 1 dependencies adding them to mods collection
[29Dec2025 22:35:59.247] [main/INFO] [net.neoforged.fml.loading.moddiscovery.ModDiscoverer/SCAN]: Found library file "neoforge-coremods-21.1.133.jar" [parent: neoforge-21.1.133.jar, locator: jarinjar, reader: mod manifest]
[29Dec2025 22:35:59.248] [main/INFO] [net.neoforged.fml.loading.moddiscovery.ModDiscoverer/]: 
     Mod List:
		Name Version (Mod Id)

		Hydrological 0.15.1 (hydrol)
		Minecraft 1.21.1 (minecraft)
		NeoForge 21.1.133 (neoforge)
[29Dec2025 22:35:59.717] [main/INFO] [mixin/]: Compatibility level set to JAVA_17
[29Dec2025 22:35:59.725] [main/INFO] [cpw.mods.modlauncher.LaunchServiceHandler/MODLAUNCHER]: Launching target 'forgeclientuserdev' with arguments [--version, 21.1.133, --gameDir, ., --assetsDir, C:\Users\Tyler\.gradle\caches\minecraft\assets, --assetIndex, asset-index]
[29Dec2025 22:35:59.766] [main/WARN] [mixin/]: Reference map 'mixins.hydrol.refmap.json' for mixins.hydrol.json could not be read. If this is a development environment you can ignore this message
[29Dec2025 22:36:00.793] [main/INFO] [MixinExtras|Service/]: Initializing MixinExtras via com.llamalad7.mixinextras.service.MixinExtrasServiceImpl(version=0.4.1).
[29Dec2025 22:36:01.401] [Datafixer Bootstrap/INFO] [com.mojang.datafixers.DataFixerBuilder/]: 229 Datafixer optimizations took 318 milliseconds
[29Dec2025 22:36:05.612] [main/WARN] [net.minecraft.commands.Commands/]: Ambiguity between arguments [teleport, location] and [teleport, destination] with inputs: [0.1 -0.5 .9, 0 0 0]
[29Dec2025 22:36:05.614] [main/WARN] [net.minecraft.commands.Commands/]: Ambiguity between arguments [teleport, location] and [teleport, targets] with inputs: [0.1 -0.5 .9, 0 0 0]
[29Dec2025 22:36:05.617] [main/WARN] [net.minecraft.commands.Commands/]: Ambiguity between arguments [teleport, destination] and [teleport, targets] with inputs: [Player, 0123, @e, dd12be42-52a9-4a91-a8a1-11c01849e498]
[29Dec2025 22:36:05.618] [main/WARN] [net.minecraft.commands.Commands/]: Ambiguity between arguments [teleport, targets] and [teleport, destination] with inputs: [Player, 0123, dd12be42-52a9-4a91-a8a1-11c01849e498]
[29Dec2025 22:36:05.619] [main/WARN] [net.minecraft.commands.Commands/]: Ambiguity between arguments [teleport, targets, location] and [teleport, targets, destination] with inputs: [0.1 -0.5 .9, 0 0 0]
[29Dec2025 22:36:05.713] [Render thread/WARN] [net.minecraft.server.packs.VanillaPackResourcesBuilder/]: Assets URL 'union:/C:/Users/Tyler/Documents/Github/Hydrological/.gradle/repositories/ng_dummy_ng/net/neoforged/neoforge/21.1.133/neoforge-21.1.133.jar%23189!/assets/.mcassetsroot' uses unexpected schema
[29Dec2025 22:36:05.713] [Render thread/WARN] [net.minecraft.server.packs.VanillaPackResourcesBuilder/]: Assets URL 'union:/C:/Users/Tyler/Documents/Github/Hydrological/.gradle/repositories/ng_dummy_ng/net/neoforged/neoforge/21.1.133/neoforge-21.1.133.jar%23189!/data/.mcassetsroot' uses unexpected schema
[29Dec2025 22:36:05.741] [Render thread/INFO] [com.mojang.authlib.yggdrasil.YggdrasilAuthenticationService/]: Environment: Environment[sessionHost=https://sessionserver.mojang.com, servicesHost=https://api.minecraftservices.com, name=PROD]
[29Dec2025 22:36:05.749] [Render thread/INFO] [net.minecraft.client.Minecraft/]: Setting user: Dev
[29Dec2025 22:36:05.845] [Render thread/INFO] [net.minecraft.client.Minecraft/]: Backend library: LWJGL version 3.3.3+5
[29Dec2025 22:36:06.065] [modloading-worker-0/INFO] [net.neoforged.neoforge.common.NeoForgeMod/NEOFORGE-MOD]: NeoForge mod loading, version 21.1.133, for MC 1.21.1
[29Dec2025 22:36:07.002] [Render thread/INFO] [net.neoforged.neoforge.gametest.GameTestHooks/]: Enabled Gametest Namespaces: [hydrol]
[29Dec2025 22:36:07.086] [Render thread/INFO] [net.minecraft.server.packs.resources.ReloadableResourceManager/]: Reloading ResourceManager: vanilla, mod_resources, mod/hydrol, mod/neoforge
[29Dec2025 22:36:07.175] [Worker-Main-13/INFO] [net.minecraft.client.gui.font.providers.UnihexProvider/]: Found unifont_all_no_pua-15.1.05.hex, loading
[29Dec2025 22:36:07.237] [Worker-Main-6/INFO] [net.minecraft.client.gui.font.providers.UnihexProvider/]: Found unifont_jp_patch-15.1.05.hex, loading
[29Dec2025 22:36:08.405] [Render thread/WARN] [net.minecraft.client.sounds.SoundEngine/]: Missing sound for event: minecraft:item.goat_horn.play
[29Dec2025 22:36:08.407] [Render thread/WARN] [net.minecraft.client.sounds.SoundEngine/]: Missing sound for event: minecraft:entity.goat.screaming.horn_break
[29Dec2025 22:36:08.451] [Render thread/INFO] [com.mojang.blaze3d.audio.Library/]: OpenAL initialized on device OpenAL Soft on Speakers (Sound BlasterX G6)
[29Dec2025 22:36:08.452] [Render thread/INFO] [net.minecraft.client.sounds.SoundEngine/SOUNDS]: Sound engine started
[29Dec2025 22:36:08.538] [Render thread/INFO] [net.minecraft.client.renderer.texture.TextureAtlas/]: Created: 1024x512x4 minecraft:textures/atlas/blocks.png-atlas
[29Dec2025 22:36:08.545] [Render thread/INFO] [net.minecraft.client.renderer.texture.TextureAtlas/]: Created: 256x256x4 minecraft:textures/atlas/signs.png-atlas
[29Dec2025 22:36:08.545] [Render thread/INFO] [net.minecraft.client.renderer.texture.TextureAtlas/]: Created: 512x512x4 minecraft:textures/atlas/shield_patterns.png-atlas
[29Dec2025 22:36:08.546] [Render thread/INFO] [net.minecraft.client.renderer.texture.TextureAtlas/]: Created: 512x512x4 minecraft:textures/atlas/banner_patterns.png-atlas
[29Dec2025 22:36:08.546] [Render thread/INFO] [net.minecraft.client.renderer.texture.TextureAtlas/]: Created: 1024x1024x4 minecraft:textures/atlas/armor_trims.png-atlas
[29Dec2025 22:36:08.548] [Render thread/INFO] [net.minecraft.client.renderer.texture.TextureAtlas/]: Created: 256x256x4 minecraft:textures/atlas/chest.png-atlas
[29Dec2025 22:36:08.548] [Render thread/INFO] [net.minecraft.client.renderer.texture.TextureAtlas/]: Created: 128x64x4 minecraft:textures/atlas/decorated_pot.png-atlas
[29Dec2025 22:36:08.548] [Render thread/INFO] [net.minecraft.client.renderer.texture.TextureAtlas/]: Created: 512x256x4 minecraft:textures/atlas/beds.png-atlas
[29Dec2025 22:36:08.548] [Render thread/INFO] [net.minecraft.client.renderer.texture.TextureAtlas/]: Created: 512x256x4 minecraft:textures/atlas/shulker_boxes.png-atlas
[29Dec2025 22:36:08.688] [Render thread/INFO] [net.minecraft.client.renderer.texture.TextureAtlas/]: Created: 512x256x0 minecraft:textures/atlas/particles.png-atlas
[29Dec2025 22:36:08.689] [Render thread/INFO] [net.minecraft.client.renderer.texture.TextureAtlas/]: Created: 512x256x0 minecraft:textures/atlas/paintings.png-atlas
[29Dec2025 22:36:08.689] [Render thread/INFO] [net.minecraft.client.renderer.texture.TextureAtlas/]: Created: 256x128x0 minecraft:textures/atlas/mob_effects.png-atlas
[29Dec2025 22:36:08.690] [Render thread/INFO] [net.minecraft.client.renderer.texture.TextureAtlas/]: Created: 64x64x0 minecraft:textures/atlas/map_decorations.png-atlas
[29Dec2025 22:36:08.690] [Render thread/INFO] [net.minecraft.client.renderer.texture.TextureAtlas/]: Created: 1024x512x0 minecraft:textures/atlas/gui.png-atlas
[29Dec2025 22:36:08.715] [Render thread/WARN] [net.minecraft.client.renderer.ShaderInstance/]: Shader rendertype_entity_translucent_emissive could not find sampler named Sampler2 in the specified shader program.
[29Dec2025 22:36:08.757] [Render thread/INFO] [net.neoforged.neoforge.client.entity.animation.json.AnimationLoader/]: Loaded 0 entity animations
[29Dec2025 22:36:17.516] [Render thread/INFO] [net.minecraft.world.level.storage.LevelStorageSource/]: Deleting level New World
[29Dec2025 22:36:17.517] [Render thread/INFO] [net.minecraft.world.level.storage.LevelStorageSource/]: Attempt 1...
[29Dec2025 22:36:18.180] [Render thread/INFO] [net.minecraft.world.item.crafting.RecipeManager/]: Loaded 1290 recipes
[29Dec2025 22:36:18.281] [Render thread/INFO] [net.minecraft.advancements.AdvancementTree/]: Loaded 1399 advancements
[29Dec2025 22:36:20.851] [Server thread/INFO] [net.minecraft.client.server.IntegratedServer/]: Starting integrated minecraft server version 1.21.1
[29Dec2025 22:36:20.851] [Server thread/INFO] [net.minecraft.server.MinecraftServer/]: Generating keypair
[29Dec2025 22:36:29.959] [Server thread/INFO] [net.minecraft.server.MinecraftServer/]: Preparing start region for dimension minecraft:overworld
[29Dec2025 22:36:29.987] [progressListener/INFO] [net.minecraft.server.level.progress.LoggerChunkProgressListener/]: Preparing spawn area: 2%
[29Dec2025 22:36:30.614] [progressListener/INFO] [net.minecraft.server.level.progress.LoggerChunkProgressListener/]: Preparing spawn area: 2%
[29Dec2025 22:36:30.979] [progressListener/INFO] [net.minecraft.server.level.progress.LoggerChunkProgressListener/]: Preparing spawn area: 2%
[29Dec2025 22:36:31.481] [progressListener/INFO] [net.minecraft.server.level.progress.LoggerChunkProgressListener/]: Preparing spawn area: 2%
[29Dec2025 22:36:31.980] [progressListener/INFO] [net.minecraft.server.level.progress.LoggerChunkProgressListener/]: Preparing spawn area: 18%
[29Dec2025 22:36:32.482] [progressListener/INFO] [net.minecraft.server.level.progress.LoggerChunkProgressListener/]: Preparing spawn area: 18%
[29Dec2025 22:36:32.985] [progressListener/INFO] [net.minecraft.server.level.progress.LoggerChunkProgressListener/]: Preparing spawn area: 18%
[29Dec2025 22:36:33.809] [progressListener/INFO] [net.minecraft.server.level.progress.LoggerChunkProgressListener/]: Preparing spawn area: 51%
[29Dec2025 22:36:33.980] [progressListener/INFO] [net.minecraft.server.level.progress.LoggerChunkProgressListener/]: Preparing spawn area: 51%
[29Dec2025 22:36:34.485] [progressListener/INFO] [net.minecraft.server.level.progress.LoggerChunkProgressListener/]: Preparing spawn area: 51%
[29Dec2025 22:36:34.986] [progressListener/INFO] [net.minecraft.server.level.progress.LoggerChunkProgressListener/]: Preparing spawn area: 51%
[29Dec2025 22:36:35.360] [Server thread/INFO] [net.neoforged.neoforge.server.permission.PermissionAPI/]: Successfully initialized permission handler neoforge:default_handler
[29Dec2025 22:36:35.361] [progressListener/INFO] [net.minecraft.server.level.progress.LoggerChunkProgressListener/]: Time elapsed: 5392 ms
[29Dec2025 22:36:35.378] [Server thread/INFO] [net.minecraft.client.server.IntegratedServer/]: Changing view distance to 22, from 10
[29Dec2025 22:36:35.378] [Server thread/INFO] [net.minecraft.client.server.IntegratedServer/]: Changing simulation distance to 12, from 0
[29Dec2025 22:36:35.917] [Server thread/INFO] [net.minecraft.server.players.PlayerList/]: Dev[local:E:15bdba69] logged in with entity id 1 at (10.5, 157.0, 5.5)
[29Dec2025 22:36:35.989] [Server thread/INFO] [net.minecraft.server.MinecraftServer/]: Dev joined the game
[29Dec2025 22:36:36.125] [Render thread/INFO] [net.minecraft.advancements.AdvancementTree/]: Loaded 2 advancements
[29Dec2025 22:36:37.155] [Server thread/INFO] [net.minecraft.client.server.IntegratedServer/]: Saving and pausing game...
[29Dec2025 22:36:37.184] [Server thread/INFO] [net.minecraft.server.MinecraftServer/]: Saving chunks for level 'ServerLevel[New World]'/minecraft:overworld
[29Dec2025 22:36:37.194] [Server thread/INFO] [net.minecraft.server.MinecraftServer/]: Saving chunks for level 'ServerLevel[New World]'/minecraft:the_nether
[29Dec2025 22:36:37.194] [Server thread/INFO] [net.minecraft.server.MinecraftServer/]: Saving chunks for level 'ServerLevel[New World]'/minecraft:the_end
[29Dec2025 22:39:01.910] [Server thread/INFO] [net.minecraft.server.MinecraftServer/]: [Dev: Set own game mode to Spectator Mode]
[29Dec2025 22:39:01.924] [Render thread/INFO] [net.minecraft.client.gui.components.ChatComponent/]: [System] [CHAT] Set own game mode to Spectator Mode
[29Dec2025 22:39:50.205] [Render thread/INFO] [net.minecraft.client.Minecraft/]: Stopping!
[29Dec2025 22:39:50.217] [Server thread/INFO] [net.minecraft.server.network.ServerGamePacketListenerImpl/]: Dev lost connection: Disconnected
[29Dec2025 22:39:50.218] [Server thread/INFO] [net.minecraft.server.MinecraftServer/]: Dev left the game
[29Dec2025 22:39:50.228] [Server thread/INFO] [net.minecraft.server.network.ServerCommonPacketListenerImpl/]: Stopping singleplayer server as player logged out
[29Dec2025 22:39:50.277] [Server thread/INFO] [net.minecraft.server.MinecraftServer/]: Stopping server
[29Dec2025 22:39:50.278] [Server thread/INFO] [net.minecraft.server.MinecraftServer/]: Saving players
[29Dec2025 22:39:50.278] [Server thread/INFO] [net.minecraft.server.MinecraftServer/]: Saving worlds
[29Dec2025 22:39:52.881] [Server thread/INFO] [net.minecraft.server.MinecraftServer/]: Saving chunks for level 'ServerLevel[New World]'/minecraft:overworld
[29Dec2025 22:39:53.451] [Server thread/INFO] [net.minecraft.server.MinecraftServer/]: Saving chunks for level 'ServerLevel[New World]'/minecraft:the_nether
[29Dec2025 22:39:53.456] [Server thread/INFO] [net.minecraft.server.MinecraftServer/]: Saving chunks for level 'ServerLevel[New World]'/minecraft:the_end
[29Dec2025 22:39:53.465] [Server thread/INFO] [net.minecraft.server.MinecraftServer/]: ThreadedAnvilChunkStorage (New World): All chunks are saved
[29Dec2025 22:39:53.466] [Server thread/INFO] [net.minecraft.server.MinecraftServer/]: ThreadedAnvilChunkStorage (DIM-1): All chunks are saved
[29Dec2025 22:39:53.466] [Server thread/INFO] [net.minecraft.server.MinecraftServer/]: ThreadedAnvilChunkStorage (DIM1): All chunks are saved
[29Dec2025 22:39:53.466] [Server thread/INFO] [net.minecraft.server.MinecraftServer/]: ThreadedAnvilChunkStorage: All dimensions are saved
